<?xml version="1.0" encoding="UTF-8"?>
<!-- Generated by org.testng.reporters.JUnitReportReporter -->
<testsuite hostname="S-LPTP" failures="0" tests="5" name="tests.SauceDemoTest" time="2.995" errors="0" timestamp="2023-04-25T13:00:55 IST" skipped="0">
  <testcase classname="tests.SauceDemoTest" name="verifyPageTitle" time="2.063"/>
  <system-out/>
  <testcase classname="tests.SauceDemoTest" name="verifyUsernameRequired" time="0.245"/>
  <system-out/>
  <testcase classname="tests.SauceDemoTest" name="verifyPasswordRequired" time="0.221"/>
  <system-out/>
  <testcase classname="tests.SauceDemoTest" name="verifyLoginValidValid" time="0.362"/>
  <system-out/>
  <testcase classname="tests.SauceDemoTest" name="clickOnProductGivenId" time="0.104"/>
  <system-out/>
</testsuite> <!-- tests.SauceDemoTest -->
